SF:lib\HomePage\home_page.dart
DA:9,1
DA:11,0
DA:12,0
DA:28,0
DA:29,0
DA:30,0
DA:33,0
DA:35,0
DA:36,0
DA:39,0
DA:41,0
DA:42,0
DA:43,0
DA:45,0
DA:46,0
DA:47,0
DA:48,0
DA:49,0
DA:50,0
DA:51,0
DA:52,0
DA:53,0
DA:57,0
DA:68,0
DA:69,0
DA:70,0
DA:71,0
DA:72,0
DA:73,0
DA:74,0
DA:76,0
DA:82,0
DA:86,0
DA:91,0
DA:92,0
DA:93,0
DA:100,0
DA:101,0
DA:102,0
DA:103,0
DA:104,0
DA:105,0
DA:108,0
DA:109,0
DA:120,0
DA:121,0
DA:122,0
LF:47
LH:1
end_of_record
SF:lib\HomePage\post_item.dart
DA:6,1
DA:10,1
DA:13,1
DA:14,1
DA:15,1
DA:16,1
DA:17,1
DA:18,1
DA:19,3
DA:25,0
DA:26,0
DA:27,0
LF:12
LH:9
end_of_record
SF:lib\HomePage\post_list.dart
DA:13,1
DA:15,1
DA:17,1
DA:24,2
DA:25,1
DA:28,1
DA:29,2
DA:31,0
DA:34,1
DA:36,1
DA:38,1
DA:40,3
LF:12
LH:11
end_of_record
SF:lib\classes\post.dart
DA:8,1
DA:10,1
DA:11,1
DA:12,4
LF:4
LH:4
end_of_record
SF:lib\main.dart
DA:4,0
DA:5,0
DA:9,1
DA:12,0
DA:14,0
DA:17,0
LF:6
LH:1
end_of_record
SF:lib\services\post_service.dart
DA:9,1
DA:11,1
DA:12,1
DA:14,3
DA:16,3
DA:17,3
DA:19,3
DA:21,3
DA:22,4
DA:23,1
LF:10
LH:10
end_of_record
SF:lib\PostPage\post_page.dart
DA:6,0
DA:8,0
DA:10,0
DA:11,0
DA:12,0
DA:18,0
DA:20,0
DA:22,0
DA:23,0
DA:24,0
DA:25,0
DA:26,0
DA:28,0
DA:29,0
DA:35,0
DA:36,0
DA:40,0
DA:42,0
DA:43,0
LF:19
LH:0
end_of_record
